mode: set
list/storage/list/list.go:22.26,24.2 1 1
list/storage/list/list.go:27.34,30.2 2 1
list/storage/list/list.go:33.43,38.21 5 1
list/storage/list/list.go:38.21,42.3 3 1
list/storage/list/list.go:43.2,45.20 3 1
list/storage/list/list.go:49.53,50.23 1 1
list/storage/list/list.go:50.23,52.3 1 1
list/storage/list/list.go:54.2,56.69 3 1
list/storage/list/list.go:56.69,59.3 2 1
list/storage/list/list.go:60.2,60.25 1 1
list/storage/list/list.go:60.25,62.25 2 1
list/storage/list/list.go:62.25,64.4 1 1
list/storage/list/list.go:65.8,65.40 1 1
list/storage/list/list.go:65.40,67.3 1 1
list/storage/list/list.go:67.8,70.3 2 1
list/storage/list/list.go:71.2,72.13 2 1
list/storage/list/list.go:76.47,77.24 1 1
list/storage/list/list.go:77.24,79.3 1 1
list/storage/list/list.go:81.2,81.26 1 1
list/storage/list/list.go:81.26,82.41 1 1
list/storage/list/list.go:82.41,84.4 1 1
list/storage/list/list.go:85.3,86.25 2 1
list/storage/list/list.go:86.25,88.4 1 1
list/storage/list/list.go:89.3,90.14 2 1
list/storage/list/list.go:93.2,94.105 2 1
list/storage/list/list.go:94.106,95.3 0 1
list/storage/list/list.go:96.2,96.33 1 1
list/storage/list/list.go:96.33,98.3 1 1
list/storage/list/list.go:99.2,99.40 1 1
list/storage/list/list.go:99.40,101.3 1 1
list/storage/list/list.go:102.2,104.13 3 1
list/storage/list/list.go:108.53,109.24 1 1
list/storage/list/list.go:109.24,111.3 1 1
list/storage/list/list.go:113.2,113.32 1 1
list/storage/list/list.go:113.32,114.41 1 1
list/storage/list/list.go:114.41,116.4 1 1
list/storage/list/list.go:117.3,118.25 2 1
list/storage/list/list.go:118.25,120.4 1 1
list/storage/list/list.go:121.3,122.14 2 1
list/storage/list/list.go:125.2,126.111 2 1
list/storage/list/list.go:126.112,127.3 0 1
list/storage/list/list.go:128.2,128.33 1 1
list/storage/list/list.go:128.33,130.3 1 1
list/storage/list/list.go:131.2,131.40 1 1
list/storage/list/list.go:131.40,133.3 1 1
list/storage/list/list.go:134.2,136.13 3 1
list/storage/list/list.go:140.46,141.29 1 1
list/storage/list/list.go:141.30,142.3 0 1
list/storage/list/list.go:146.68,147.35 1 1
list/storage/list/list.go:147.35,149.3 1 1
list/storage/list/list.go:151.2,152.69 2 1
list/storage/list/list.go:152.69,154.3 1 1
list/storage/list/list.go:155.2,155.32 1 1
list/storage/list/list.go:159.62,160.33 1 1
list/storage/list/list.go:160.33,162.3 1 1
list/storage/list/list.go:163.2,164.65 2 1
list/storage/list/list.go:164.65,165.34 1 1
list/storage/list/list.go:165.34,167.4 1 1
list/storage/list/list.go:169.2,169.32 1 1
list/storage/list/list.go:174.68,180.25 2 1
list/storage/list/list.go:180.25,182.28 2 1
list/storage/list/list.go:182.28,184.4 1 1
list/storage/list/list.go:185.3,185.21 1 1
list/storage/list/list.go:185.21,187.4 1 1
list/storage/list/list.go:193.62,194.89 1 1
list/storage/list/list.go:194.89,195.33 1 1
list/storage/list/list.go:195.33,197.4 1 1
list/storage/list/list.go:199.2,199.17 1 1
list/storage/list/list.go:204.69,205.89 1 1
list/storage/list/list.go:205.89,206.33 1 1
list/storage/list/list.go:206.33,208.4 1 1
list/storage/list/list.go:210.2,210.19 1 1
list/storage/list/list.go:210.19,212.3 1 1
list/storage/list/list.go:213.2,213.18 1 1
list/storage/list/list.go:217.51,218.41 1 1
list/storage/list/list.go:218.41,220.3 1 1
list/storage/list/list.go:222.2,222.89 1 1
list/storage/list/list.go:222.89,224.3 1 1
list/storage/list/list.go:225.2,225.21 1 1
list/storage/list/list.go:229.24,233.2 3 1
list/storage/list/list.go:236.24,237.25 1 1
list/storage/list/list.go:237.25,240.3 2 1
list/storage/list/list.go:241.2,243.72 3 1
list/storage/list/list.go:243.72,245.3 1 1
list/storage/list/list.go:246.2,247.8 2 1
